

Started GET "/" for 127.0.0.1 at 2017-11-12 23:54:05 +0800
Processing by Rails::WelcomeController#index as HTML
  Rendered /home/peng/.rvm/gems/ruby-2.2.4/gems/railties-4.2.6/lib/rails/templates/rails/welcome/index.html.erb (10.2ms)
Completed 200 OK in 180ms (Views: 86.3ms | ActiveRecord: 0.0ms)
  [1m[36m (241.2ms)[0m  [1mCREATE TABLE "schema_migrations" ("version" varchar NOT NULL) [0m
  [1m[35m (0.4ms)[0m  select sqlite_version(*)
  [1m[36m (11.8ms)[0m  [1mCREATE UNIQUE INDEX "unique_schema_migrations" ON "schema_migrations" ("version")[0m
  [1m[35mActiveRecord::SchemaMigration Load (2.5ms)[0m  SELECT "schema_migrations".* FROM "schema_migrations"
Migrating to CreateStumanages (20171112160159)
  [1m[36m (0.2ms)[0m  [1mbegin transaction[0m
  [1m[35m (2.0ms)[0m  CREATE TABLE "stumanages" ("id" INTEGER PRIMARY KEY AUTOINCREMENT NOT NULL, "ID" integer, "name" varchar, "dept_name" varchar, "created_at" datetime NOT NULL, "updated_at" datetime NOT NULL) 
  [1m[36m (0.3ms)[0m  [1mrollback transaction[0m


Started GET "/stumanage" for 127.0.0.1 at 2017-11-13 00:03:52 +0800
  [1m[36mActiveRecord::SchemaMigration Load (1.7ms)[0m  [1mSELECT "schema_migrations".* FROM "schema_migrations"[0m

ActiveRecord::PendingMigrationError (

Migrations are pending. To resolve this issue, run:

	bin/rake db:migrate RAILS_ENV=development

):
  activerecord (4.2.6) lib/active_record/migration.rb:392:in `check_pending!'
  activerecord (4.2.6) lib/active_record/migration.rb:373:in `call'
  actionpack (4.2.6) lib/action_dispatch/middleware/callbacks.rb:29:in `block in call'
  activesupport (4.2.6) lib/active_support/callbacks.rb:88:in `__run_callbacks__'
  activesupport (4.2.6) lib/active_support/callbacks.rb:778:in `_run_call_callbacks'
  activesupport (4.2.6) lib/active_support/callbacks.rb:81:in `run_callbacks'
  actionpack (4.2.6) lib/action_dispatch/middleware/callbacks.rb:27:in `call'
  actionpack (4.2.6) lib/action_dispatch/middleware/reloader.rb:73:in `call'
  actionpack (4.2.6) lib/action_dispatch/middleware/remote_ip.rb:78:in `call'
  actionpack (4.2.6) lib/action_dispatch/middleware/debug_exceptions.rb:17:in `call'
  web-console (2.3.0) lib/web_console/middleware.rb:28:in `block in call'
  web-console (2.3.0) lib/web_console/middleware.rb:18:in `catch'
  web-console (2.3.0) lib/web_console/middleware.rb:18:in `call'
  actionpack (4.2.6) lib/action_dispatch/middleware/show_exceptions.rb:30:in `call'
  railties (4.2.6) lib/rails/rack/logger.rb:38:in `call_app'
  railties (4.2.6) lib/rails/rack/logger.rb:20:in `block in call'
  activesupport (4.2.6) lib/active_support/tagged_logging.rb:68:in `block in tagged'
  activesupport (4.2.6) lib/active_support/tagged_logging.rb:26:in `tagged'
  activesupport (4.2.6) lib/active_support/tagged_logging.rb:68:in `tagged'
  railties (4.2.6) lib/rails/rack/logger.rb:20:in `call'
  actionpack (4.2.6) lib/action_dispatch/middleware/request_id.rb:21:in `call'
  rack (1.6.8) lib/rack/methodoverride.rb:22:in `call'
  rack (1.6.8) lib/rack/runtime.rb:18:in `call'
  activesupport (4.2.6) lib/active_support/cache/strategy/local_cache_middleware.rb:28:in `call'
  rack (1.6.8) lib/rack/lock.rb:17:in `call'
  actionpack (4.2.6) lib/action_dispatch/middleware/static.rb:120:in `call'
  rack (1.6.8) lib/rack/sendfile.rb:113:in `call'
  railties (4.2.6) lib/rails/engine.rb:518:in `call'
  railties (4.2.6) lib/rails/application.rb:165:in `call'
  rack (1.6.8) lib/rack/lock.rb:17:in `call'
  rack (1.6.8) lib/rack/content_length.rb:15:in `call'
  rack (1.6.8) lib/rack/handler/webrick.rb:88:in `service'
  /home/peng/.rvm/rubies/ruby-2.2.4/lib/ruby/2.2.0/webrick/httpserver.rb:138:in `service'
  /home/peng/.rvm/rubies/ruby-2.2.4/lib/ruby/2.2.0/webrick/httpserver.rb:94:in `run'
  /home/peng/.rvm/rubies/ruby-2.2.4/lib/ruby/2.2.0/webrick/server.rb:294:in `block in start_thread'


  Rendered /home/peng/.rvm/gems/ruby-2.2.4/gems/actionpack-4.2.6/lib/action_dispatch/middleware/templates/rescues/_source.erb (15.9ms)
  Rendered /home/peng/.rvm/gems/ruby-2.2.4/gems/actionpack-4.2.6/lib/action_dispatch/middleware/templates/rescues/_trace.html.erb (16.9ms)
  Rendered /home/peng/.rvm/gems/ruby-2.2.4/gems/actionpack-4.2.6/lib/action_dispatch/middleware/templates/rescues/_request_and_response.html.erb (3.9ms)
  Rendered /home/peng/.rvm/gems/ruby-2.2.4/gems/actionpack-4.2.6/lib/action_dispatch/middleware/templates/rescues/diagnostics.html.erb within rescues/layout (213.8ms)
  Rendered /home/peng/.rvm/gems/ruby-2.2.4/gems/web-console-2.3.0/lib/web_console/templates/_markup.html.erb (1.3ms)
  Rendered /home/peng/.rvm/gems/ruby-2.2.4/gems/web-console-2.3.0/lib/web_console/templates/_inner_console_markup.html.erb within layouts/inlined_string (0.9ms)
  Rendered /home/peng/.rvm/gems/ruby-2.2.4/gems/web-console-2.3.0/lib/web_console/templates/_prompt_box_markup.html.erb within layouts/inlined_string (1.3ms)
  Rendered /home/peng/.rvm/gems/ruby-2.2.4/gems/web-console-2.3.0/lib/web_console/templates/style.css.erb within layouts/inlined_string (1.8ms)
  Rendered /home/peng/.rvm/gems/ruby-2.2.4/gems/web-console-2.3.0/lib/web_console/templates/console.js.erb within layouts/javascript (206.7ms)
  Rendered /home/peng/.rvm/gems/ruby-2.2.4/gems/web-console-2.3.0/lib/web_console/templates/main.js.erb within layouts/javascript (1.0ms)
  Rendered /home/peng/.rvm/gems/ruby-2.2.4/gems/web-console-2.3.0/lib/web_console/templates/error_page.js.erb within layouts/javascript (1.9ms)
  Rendered /home/peng/.rvm/gems/ruby-2.2.4/gems/web-console-2.3.0/lib/web_console/templates/index.html.erb (381.0ms)
  [1m[36mActiveRecord::SchemaMigration Load (0.4ms)[0m  [1mSELECT "schema_migrations".* FROM "schema_migrations"[0m
Migrating to CreateStumanages (20171112160159)
  [1m[35m (0.2ms)[0m  begin transaction
  [1m[36m (1.4ms)[0m  [1mCREATE TABLE "stumanages" ("id" INTEGER PRIMARY KEY AUTOINCREMENT NOT NULL, "ID" integer, "name" varchar, "dept_name" varchar, "created_at" datetime NOT NULL, "updated_at" datetime NOT NULL) [0m
  [1m[35m (0.3ms)[0m  rollback transaction


Started GET "/greetings/hello" for 127.0.0.1 at 2017-11-13 00:43:28 +0800
Processing by GreetingsController#hello as HTML
  Rendered greetings/hello.html.erb within layouts/application (5.8ms)
Completed 200 OK in 8883ms (Views: 8655.7ms | ActiveRecord: 0.0ms)


Started GET "/assets/scaffolds.self-59358bf5a99638e8887f121313ea5b2cf79094b86e78821ae5774077cf3a7f04.css?body=1" for 127.0.0.1 at 2017-11-13 00:43:41 +0800


Started GET "/greetings/hello" for 127.0.0.1 at 2017-11-13 00:45:16 +0800
Processing by GreetingsController#hello as HTML
  Rendered greetings/hello.html.erb within layouts/application (0.3ms)
Completed 200 OK in 217ms (Views: 212.2ms | ActiveRecord: 0.0ms)


Started GET "/assets/greetings.self-e3b0c44298fc1c149afbf4c8996fb92427ae41e4649b934ca495991b7852b855.css?body=1" for 127.0.0.1 at 2017-11-13 00:45:17 +0800


Started GET "/assets/scaffolds.self-59358bf5a99638e8887f121313ea5b2cf79094b86e78821ae5774077cf3a7f04.css?body=1" for 127.0.0.1 at 2017-11-13 00:45:17 +0800


Started GET "/assets/greetings.self-877aef30ae1b040ab8a3aba4e3e309a11d7f2612f44dde450b5c157aa5f95c05.js?body=1" for 127.0.0.1 at 2017-11-13 00:45:17 +0800


Started GET "/assets/application.self-e80e8f2318043e8af94dddc2adad5a4f09739a8ebb323b3ab31cd71d45fd9113.css?body=1" for 127.0.0.1 at 2017-11-13 00:45:17 +0800


Started GET "/assets/application.self-3b8dabdc891efe46b9a144b400ad69e37d7e5876bdc39dee783419a69d7ca819.js?body=1" for 127.0.0.1 at 2017-11-13 00:45:17 +0800


Started GET "/assets/jquery.self-bd7ddd393353a8d2480a622e80342adf488fb6006d667e8b42e4c0073393abee.js?body=1" for 127.0.0.1 at 2017-11-13 00:45:17 +0800


Started GET "/assets/jquery_ujs.self-784a997f6726036b1993eb2217c9cb558e1cbb801c6da88105588c56f13b466a.js?body=1" for 127.0.0.1 at 2017-11-13 00:45:17 +0800


Started GET "/assets/turbolinks.self-1d1fddf91adc38ac2045c51f0a3e05ca97d07d24d15a4dcbf705009106489e69.js?body=1" for 127.0.0.1 at 2017-11-13 00:45:17 +0800


Started GET "/greetings/hello" for 127.0.0.1 at 2017-11-13 00:46:04 +0800
Processing by GreetingsController#hello as HTML
  Rendered greetings/hello.html.erb within layouts/application (0.5ms)
Completed 200 OK in 119ms (Views: 116.4ms | ActiveRecord: 0.0ms)


Started GET "/assets/greetings.self-e3b0c44298fc1c149afbf4c8996fb92427ae41e4649b934ca495991b7852b855.css?body=1" for 127.0.0.1 at 2017-11-13 00:46:05 +0800


Started GET "/assets/scaffolds.self-59358bf5a99638e8887f121313ea5b2cf79094b86e78821ae5774077cf3a7f04.css?body=1" for 127.0.0.1 at 2017-11-13 00:46:05 +0800


Started GET "/assets/jquery_ujs.self-784a997f6726036b1993eb2217c9cb558e1cbb801c6da88105588c56f13b466a.js?body=1" for 127.0.0.1 at 2017-11-13 00:46:05 +0800


Started GET "/assets/turbolinks.self-1d1fddf91adc38ac2045c51f0a3e05ca97d07d24d15a4dcbf705009106489e69.js?body=1" for 127.0.0.1 at 2017-11-13 00:46:05 +0800


Started GET "/assets/greetings.self-877aef30ae1b040ab8a3aba4e3e309a11d7f2612f44dde450b5c157aa5f95c05.js?body=1" for 127.0.0.1 at 2017-11-13 00:46:05 +0800


Started GET "/assets/application.self-e80e8f2318043e8af94dddc2adad5a4f09739a8ebb323b3ab31cd71d45fd9113.css?body=1" for 127.0.0.1 at 2017-11-13 00:46:05 +0800


Started GET "/assets/jquery.self-bd7ddd393353a8d2480a622e80342adf488fb6006d667e8b42e4c0073393abee.js?body=1" for 127.0.0.1 at 2017-11-13 00:46:05 +0800


Started GET "/assets/application.self-3b8dabdc891efe46b9a144b400ad69e37d7e5876bdc39dee783419a69d7ca819.js?body=1" for 127.0.0.1 at 2017-11-13 00:46:05 +0800
  [1m[36mActiveRecord::SchemaMigration Load (0.3ms)[0m  [1mSELECT "schema_migrations".* FROM "schema_migrations"[0m
Migrating to CreateStumanagers (20171112164911)
  [1m[35m (0.2ms)[0m  begin transaction
  [1m[36m (2.8ms)[0m  [1mCREATE TABLE "stumanagers" ("id" INTEGER PRIMARY KEY AUTOINCREMENT NOT NULL, "name" varchar, "deptname" varchar, "score" integer, "created_at" datetime NOT NULL, "updated_at" datetime NOT NULL) [0m
  [1m[35mSQL (0.6ms)[0m  INSERT INTO "schema_migrations" ("version") VALUES (?)  [["version", "20171112164911"]]
  [1m[36m (26.6ms)[0m  [1mcommit transaction[0m
  [1m[35mActiveRecord::SchemaMigration Load (0.3ms)[0m  SELECT "schema_migrations".* FROM "schema_migrations"


Started GET "/stumanagers" for 127.0.0.1 at 2017-11-13 00:51:13 +0800
  [1m[36mActiveRecord::SchemaMigration Load (0.6ms)[0m  [1mSELECT "schema_migrations".* FROM "schema_migrations"[0m
Processing by StumanagersController#index as HTML
  [1m[35mStumanager Load (0.4ms)[0m  SELECT "stumanagers".* FROM "stumanagers"
  Rendered stumanagers/index.html.erb within layouts/application (11.9ms)
Completed 200 OK in 2392ms (Views: 2292.3ms | ActiveRecord: 0.8ms)


Started GET "/assets/stumanagers.self-e3b0c44298fc1c149afbf4c8996fb92427ae41e4649b934ca495991b7852b855.css?body=1" for 127.0.0.1 at 2017-11-13 00:51:18 +0800


Started GET "/assets/stumanagers.self-877aef30ae1b040ab8a3aba4e3e309a11d7f2612f44dde450b5c157aa5f95c05.js?body=1" for 127.0.0.1 at 2017-11-13 00:51:18 +0800


Started GET "/stumanagers/new" for 127.0.0.1 at 2017-11-13 00:51:23 +0800
Processing by StumanagersController#new as HTML
  Rendered stumanagers/_form.html.erb (193.5ms)
  Rendered stumanagers/new.html.erb within layouts/application (282.6ms)
Completed 200 OK in 444ms (Views: 365.1ms | ActiveRecord: 9.9ms)


Started GET "/stumanagers" for 127.0.0.1 at 2017-11-13 00:53:10 +0800
Processing by StumanagersController#index as HTML
  [1m[36mStumanager Load (0.7ms)[0m  [1mSELECT "stumanagers".* FROM "stumanagers"[0m
  Rendered stumanagers/index.html.erb within layouts/application (6.1ms)
Completed 200 OK in 191ms (Views: 184.8ms | ActiveRecord: 0.7ms)


Started GET "/stumanagers/new" for 127.0.0.1 at 2017-11-13 00:55:27 +0800
Processing by StumanagersController#new as HTML
  Rendered stumanagers/_form.html.erb (8.8ms)
  Rendered stumanagers/new.html.erb within layouts/application (17.8ms)
Completed 200 OK in 146ms (Views: 141.1ms | ActiveRecord: 0.0ms)


Started GET "/stumanagers" for 127.0.0.1 at 2017-11-13 00:55:56 +0800
Processing by StumanagersController#index as HTML
  [1m[35mStumanager Load (0.7ms)[0m  SELECT "stumanagers".* FROM "stumanagers"
  Rendered stumanagers/index.html.erb within layouts/application (7.8ms)
Completed 200 OK in 119ms (Views: 114.4ms | ActiveRecord: 0.7ms)


Started GET "/stumanagers/new" for 127.0.0.1 at 2017-11-13 01:01:32 +0800
Processing by StumanagersController#new as HTML
  Rendered stumanagers/_form.html.erb (3745.9ms)
  Rendered stumanagers/new.html.erb within layouts/application (4727.4ms)
Completed 200 OK in 16564ms (Views: 12718.8ms | ActiveRecord: 0.0ms)


Started POST "/stumanagers" for 127.0.0.1 at 2017-11-13 01:03:10 +0800
Processing by StumanagersController#create as HTML
  Parameters: {"utf8"=>"✓", "authenticity_token"=>"spRPw9Mo5aePIf2Pf0Y1cgtec2Z7TTtsC0gcF2FsgdKY0gV3KOa4ACurPYzqozWglXh3bxwH+K8cDBVU26Rsow==", "stumanager"=>{"name"=>"Bob", "deptname"=>"Comp.sci", "score"=>"90"}, "commit"=>"Create Stumanager"}
  [1m[36m (157.8ms)[0m  [1mbegin transaction[0m
  [1m[35mSQL (395.1ms)[0m  INSERT INTO "stumanagers" ("name", "deptname", "score", "created_at", "updated_at") VALUES (?, ?, ?, ?, ?)  [["name", "Bob"], ["deptname", "Comp.sci"], ["score", 90], ["created_at", "2017-11-12 17:03:11.466626"], ["updated_at", "2017-11-12 17:03:11.466626"]]
  [1m[36m (31.9ms)[0m  [1mcommit transaction[0m
Redirected to http://localhost:3000/stumanagers/1
Completed 302 Found in 2376ms (ActiveRecord: 584.8ms)


Started GET "/stumanagers/1" for 127.0.0.1 at 2017-11-13 01:03:13 +0800
Processing by StumanagersController#show as HTML
  Parameters: {"id"=>"1"}
  [1m[35mStumanager Load (0.6ms)[0m  SELECT  "stumanagers".* FROM "stumanagers" WHERE "stumanagers"."id" = ? LIMIT 1  [["id", 1]]
  Rendered stumanagers/show.html.erb within layouts/application (144.9ms)
Completed 200 OK in 3834ms (Views: 1164.0ms | ActiveRecord: 0.6ms)


Started GET "/stumanagers/1/edit" for 127.0.0.1 at 2017-11-13 01:03:22 +0800
Processing by StumanagersController#edit as HTML
  Parameters: {"id"=>"1"}
  [1m[36mStumanager Load (0.4ms)[0m  [1mSELECT  "stumanagers".* FROM "stumanagers" WHERE "stumanagers"."id" = ? LIMIT 1[0m  [["id", 1]]
  Rendered stumanagers/_form.html.erb (66.4ms)
  Rendered stumanagers/edit.html.erb within layouts/application (112.3ms)
Completed 200 OK in 393ms (Views: 362.9ms | ActiveRecord: 0.4ms)


Started PATCH "/stumanagers/1" for 127.0.0.1 at 2017-11-13 01:03:30 +0800
Processing by StumanagersController#update as HTML
  Parameters: {"utf8"=>"✓", "authenticity_token"=>"srX3wvNbQfqoZ5RCWpk8IYI7hym74n1zRYBCF02ATNSY8712CJUcXQztVEHPfDzzHB2DINyovrBSxEtU90ihpQ==", "stumanager"=>{"name"=>"Bob", "deptname"=>"Comp.sci", "score"=>"90"}, "commit"=>"Update Stumanager", "id"=>"1"}
  [1m[35mStumanager Load (0.3ms)[0m  SELECT  "stumanagers".* FROM "stumanagers" WHERE "stumanagers"."id" = ? LIMIT 1  [["id", 1]]
  [1m[36m (0.5ms)[0m  [1mbegin transaction[0m
  [1m[35m (0.3ms)[0m  commit transaction
Redirected to http://localhost:3000/stumanagers/1
Completed 302 Found in 44ms (ActiveRecord: 1.1ms)


Started GET "/stumanagers/1" for 127.0.0.1 at 2017-11-13 01:03:30 +0800
Processing by StumanagersController#show as HTML
  Parameters: {"id"=>"1"}
  [1m[36mStumanager Load (0.3ms)[0m  [1mSELECT  "stumanagers".* FROM "stumanagers" WHERE "stumanagers"."id" = ? LIMIT 1[0m  [["id", 1]]
  Rendered stumanagers/show.html.erb within layouts/application (1.2ms)
Completed 200 OK in 1431ms (Views: 1426.4ms | ActiveRecord: 0.3ms)


Started GET "/stumanagers/" for 127.0.0.1 at 2017-11-13 01:03:50 +0800
Processing by StumanagersController#index as HTML
  [1m[35mStumanager Load (2.2ms)[0m  SELECT "stumanagers".* FROM "stumanagers"
  Rendered stumanagers/index.html.erb within layouts/application (26.8ms)
Completed 200 OK in 406ms (Views: 401.1ms | ActiveRecord: 2.2ms)


Started GET "/stumanagers/new" for 127.0.0.1 at 2017-11-13 01:03:58 +0800
Processing by StumanagersController#new as HTML
  Rendered stumanagers/_form.html.erb (18.2ms)
  Rendered stumanagers/new.html.erb within layouts/application (32.6ms)
Completed 200 OK in 276ms (Views: 270.3ms | ActiveRecord: 0.0ms)


Started POST "/stumanagers" for 127.0.0.1 at 2017-11-13 01:04:24 +0800
Processing by StumanagersController#create as HTML
  Parameters: {"utf8"=>"✓", "authenticity_token"=>"1mkfEyCW3ACStaMbQu7Nj4oGcbFnT9D85nL7236XxQH8L1Wn21iBpzY/YxjXC81dFCB1uAAFEz/xNvKYxF8ocA==", "stumanager"=>{"name"=>"Helen", "deptname"=>"History", "score"=>"100"}, "commit"=>"Create Stumanager"}
  [1m[36m (0.2ms)[0m  [1mbegin transaction[0m
  [1m[35mSQL (0.6ms)[0m  INSERT INTO "stumanagers" ("name", "deptname", "score", "created_at", "updated_at") VALUES (?, ?, ?, ?, ?)  [["name", "Helen"], ["deptname", "History"], ["score", 100], ["created_at", "2017-11-12 17:04:24.803980"], ["updated_at", "2017-11-12 17:04:24.803980"]]
  [1m[36m (7.2ms)[0m  [1mcommit transaction[0m
Redirected to http://localhost:3000/stumanagers/2
Completed 302 Found in 180ms (ActiveRecord: 8.0ms)


Started GET "/stumanagers/2" for 127.0.0.1 at 2017-11-13 01:04:25 +0800
Processing by StumanagersController#show as HTML
  Parameters: {"id"=>"2"}
  [1m[35mStumanager Load (0.3ms)[0m  SELECT  "stumanagers".* FROM "stumanagers" WHERE "stumanagers"."id" = ? LIMIT 1  [["id", 2]]
  Rendered stumanagers/show.html.erb within layouts/application (1.1ms)
Completed 200 OK in 1229ms (Views: 1225.5ms | ActiveRecord: 0.3ms)


Started GET "/stumanagers" for 127.0.0.1 at 2017-11-13 01:04:30 +0800
Processing by StumanagersController#index as HTML
  [1m[36mStumanager Load (0.4ms)[0m  [1mSELECT "stumanagers".* FROM "stumanagers"[0m
  Rendered stumanagers/index.html.erb within layouts/application (5.9ms)
Completed 200 OK in 244ms (Views: 241.7ms | ActiveRecord: 0.4ms)


Started GET "/stumanagers/new" for 127.0.0.1 at 2017-11-13 01:04:41 +0800
Processing by StumanagersController#new as HTML
  Rendered stumanagers/_form.html.erb (15.8ms)
  Rendered stumanagers/new.html.erb within layouts/application (25.9ms)
Completed 200 OK in 144ms (Views: 142.3ms | ActiveRecord: 0.0ms)


Started POST "/stumanagers" for 127.0.0.1 at 2017-11-13 01:05:02 +0800
Processing by StumanagersController#create as HTML
  Parameters: {"utf8"=>"✓", "authenticity_token"=>"S0PobGHGy00DHwOpZj9zBmc3+bOoFancwC/GnERN4VZhBaLYmgiW6qeVw6rz2nPU+RH9us9fah/Xa8/f/oUMJw==", "stumanager"=>{"name"=>"Peter", "deptname"=>"Physics", "score"=>"85"}, "commit"=>"Create Stumanager"}
  [1m[35m (0.2ms)[0m  begin transaction
  [1m[36mSQL (0.9ms)[0m  [1mINSERT INTO "stumanagers" ("name", "deptname", "score", "created_at", "updated_at") VALUES (?, ?, ?, ?, ?)[0m  [["name", "Peter"], ["deptname", "Physics"], ["score", 85], ["created_at", "2017-11-12 17:05:02.966412"], ["updated_at", "2017-11-12 17:05:02.966412"]]
  [1m[35m (39.4ms)[0m  commit transaction
Redirected to http://localhost:3000/stumanagers/3
Completed 302 Found in 63ms (ActiveRecord: 40.5ms)


Started GET "/stumanagers/3" for 127.0.0.1 at 2017-11-13 01:05:03 +0800
Processing by StumanagersController#show as HTML
  Parameters: {"id"=>"3"}
  [1m[36mStumanager Load (1.0ms)[0m  [1mSELECT  "stumanagers".* FROM "stumanagers" WHERE "stumanagers"."id" = ? LIMIT 1[0m  [["id", 3]]
  Rendered stumanagers/show.html.erb within layouts/application (5.0ms)
Completed 200 OK in 218ms (Views: 204.9ms | ActiveRecord: 1.0ms)


Started GET "/stumanagers" for 127.0.0.1 at 2017-11-13 01:05:06 +0800
Processing by StumanagersController#index as HTML
  [1m[35mStumanager Load (0.8ms)[0m  SELECT "stumanagers".* FROM "stumanagers"
  Rendered stumanagers/index.html.erb within layouts/application (30.0ms)
Completed 200 OK in 161ms (Views: 154.7ms | ActiveRecord: 0.8ms)


Started GET "/stumanagers/new" for 127.0.0.1 at 2017-11-13 01:05:13 +0800
Processing by StumanagersController#new as HTML
  Rendered stumanagers/_form.html.erb (54.4ms)
  Rendered stumanagers/new.html.erb within layouts/application (62.3ms)
Completed 200 OK in 203ms (Views: 200.5ms | ActiveRecord: 0.0ms)


Started POST "/stumanagers" for 127.0.0.1 at 2017-11-13 01:05:34 +0800
Processing by StumanagersController#create as HTML
  Parameters: {"utf8"=>"✓", "authenticity_token"=>"wNOwJkJB8vxz5ACJUxnK6Ll3G8dmYH4kmubCA+H6lxHqlfqSuY+vW9duwIrG/Mo6J1EfzgEqveeNostAWzJ6YA==", "stumanager"=>{"name"=>"Levy", "deptname"=>"Music", "score"=>"95"}, "commit"=>"Create Stumanager"}
  [1m[36m (0.4ms)[0m  [1mbegin transaction[0m
  [1m[35mSQL (1.2ms)[0m  INSERT INTO "stumanagers" ("name", "deptname", "score", "created_at", "updated_at") VALUES (?, ?, ?, ?, ?)  [["name", "Levy"], ["deptname", "Music"], ["score", 95], ["created_at", "2017-11-12 17:05:34.544028"], ["updated_at", "2017-11-12 17:05:34.544028"]]
  [1m[36m (13.2ms)[0m  [1mcommit transaction[0m
Redirected to http://localhost:3000/stumanagers/4
Completed 302 Found in 35ms (ActiveRecord: 14.8ms)


Started GET "/stumanagers/4" for 127.0.0.1 at 2017-11-13 01:05:34 +0800
Processing by StumanagersController#show as HTML
  Parameters: {"id"=>"4"}
  [1m[35mStumanager Load (0.2ms)[0m  SELECT  "stumanagers".* FROM "stumanagers" WHERE "stumanagers"."id" = ? LIMIT 1  [["id", 4]]
  Rendered stumanagers/show.html.erb within layouts/application (1.5ms)
Completed 200 OK in 90ms (Views: 87.3ms | ActiveRecord: 0.2ms)


Started GET "/stumanagers" for 127.0.0.1 at 2017-11-13 01:05:38 +0800
Processing by StumanagersController#index as HTML
  [1m[36mStumanager Load (1.1ms)[0m  [1mSELECT "stumanagers".* FROM "stumanagers"[0m
  Rendered stumanagers/index.html.erb within layouts/application (11.8ms)
Completed 200 OK in 133ms (Views: 127.7ms | ActiveRecord: 1.1ms)


Started GET "/stumanagers/new" for 127.0.0.1 at 2017-11-13 01:05:41 +0800
Processing by StumanagersController#new as HTML
  Rendered stumanagers/_form.html.erb (11.9ms)
  Rendered stumanagers/new.html.erb within layouts/application (19.5ms)
Completed 200 OK in 176ms (Views: 172.1ms | ActiveRecord: 0.0ms)


Started POST "/stumanagers" for 127.0.0.1 at 2017-11-13 01:06:08 +0800
Processing by StumanagersController#create as HTML
  Parameters: {"utf8"=>"✓", "authenticity_token"=>"0dTQFmP8mKNHbWZ5Li/3SD1kpFkd00LlEi0p7ZhdaSj7kpqimDLFBOPnpnq7yveao0KgUHqZgSYFaSCuIpWEWQ==", "stumanager"=>{"name"=>"Tom", "deptname"=>"Biology", "score"=>"80"}, "commit"=>"Create Stumanager"}
  [1m[35m (0.5ms)[0m  begin transaction
  [1m[36mSQL (0.8ms)[0m  [1mINSERT INTO "stumanagers" ("name", "deptname", "score", "created_at", "updated_at") VALUES (?, ?, ?, ?, ?)[0m  [["name", "Tom"], ["deptname", "Biology"], ["score", 80], ["created_at", "2017-11-12 17:06:08.061817"], ["updated_at", "2017-11-12 17:06:08.061817"]]
  [1m[35m (20.4ms)[0m  commit transaction
Redirected to http://localhost:3000/stumanagers/5
Completed 302 Found in 48ms (ActiveRecord: 21.7ms)


Started GET "/stumanagers/5" for 127.0.0.1 at 2017-11-13 01:06:08 +0800
Processing by StumanagersController#show as HTML
  Parameters: {"id"=>"5"}
  [1m[36mStumanager Load (0.4ms)[0m  [1mSELECT  "stumanagers".* FROM "stumanagers" WHERE "stumanagers"."id" = ? LIMIT 1[0m  [["id", 5]]
  Rendered stumanagers/show.html.erb within layouts/application (8.4ms)
Completed 200 OK in 199ms (Views: 191.7ms | ActiveRecord: 0.4ms)


Started GET "/stumanagers" for 127.0.0.1 at 2017-11-13 01:06:17 +0800
Processing by StumanagersController#index as HTML
  [1m[35mStumanager Load (0.7ms)[0m  SELECT "stumanagers".* FROM "stumanagers"
  Rendered stumanagers/index.html.erb within layouts/application (10.9ms)
Completed 200 OK in 145ms (Views: 131.9ms | ActiveRecord: 0.7ms)


Started GET "/stumanagers/1" for 127.0.0.1 at 2017-11-13 01:07:36 +0800
Processing by StumanagersController#show as HTML
  Parameters: {"id"=>"1"}
  [1m[36mStumanager Load (0.3ms)[0m  [1mSELECT  "stumanagers".* FROM "stumanagers" WHERE "stumanagers"."id" = ? LIMIT 1[0m  [["id", 1]]
  Rendered stumanagers/show.html.erb within layouts/application (1.8ms)
Completed 200 OK in 96ms (Views: 90.6ms | ActiveRecord: 0.3ms)


Started GET "/stumanagers" for 127.0.0.1 at 2017-11-13 01:07:38 +0800
Processing by StumanagersController#index as HTML
  [1m[35mStumanager Load (1.0ms)[0m  SELECT "stumanagers".* FROM "stumanagers"
  Rendered stumanagers/index.html.erb within layouts/application (17.9ms)
Completed 200 OK in 140ms (Views: 135.8ms | ActiveRecord: 1.0ms)


Started GET "/stumanagers/1/edit" for 127.0.0.1 at 2017-11-13 01:07:51 +0800
Processing by StumanagersController#edit as HTML
  Parameters: {"id"=>"1"}
  [1m[36mStumanager Load (0.3ms)[0m  [1mSELECT  "stumanagers".* FROM "stumanagers" WHERE "stumanagers"."id" = ? LIMIT 1[0m  [["id", 1]]
  Rendered stumanagers/_form.html.erb (10.8ms)
  Rendered stumanagers/edit.html.erb within layouts/application (18.7ms)
Completed 200 OK in 144ms (Views: 134.2ms | ActiveRecord: 0.3ms)


Started PATCH "/stumanagers/1" for 127.0.0.1 at 2017-11-13 01:08:46 +0800
Processing by StumanagersController#update as HTML
  Parameters: {"utf8"=>"✓", "authenticity_token"=>"koPXepT0iGdLrhlCSdcLFfA0HQj8KV0bixnGm2/tCm+4xZ3ObzrVwO8k2UHcMgvHbhIZAZtjnticXc/Y1SXnHg==", "stumanager"=>{"name"=>"Bob", "deptname"=>"Finance", "score"=>"90"}, "commit"=>"Update Stumanager", "id"=>"1"}
  [1m[35mStumanager Load (0.5ms)[0m  SELECT  "stumanagers".* FROM "stumanagers" WHERE "stumanagers"."id" = ? LIMIT 1  [["id", 1]]
  [1m[36m (0.5ms)[0m  [1mbegin transaction[0m
  [1m[35mSQL (2.4ms)[0m  UPDATE "stumanagers" SET "deptname" = ?, "updated_at" = ? WHERE "stumanagers"."id" = ?  [["deptname", "Finance"], ["updated_at", "2017-11-12 17:08:46.224790"], ["id", 1]]
  [1m[36m (16.5ms)[0m  [1mcommit transaction[0m
Redirected to http://localhost:3000/stumanagers/1
Completed 302 Found in 49ms (ActiveRecord: 19.9ms)


Started GET "/stumanagers/1" for 127.0.0.1 at 2017-11-13 01:08:46 +0800
Processing by StumanagersController#show as HTML
  Parameters: {"id"=>"1"}
  [1m[35mStumanager Load (0.4ms)[0m  SELECT  "stumanagers".* FROM "stumanagers" WHERE "stumanagers"."id" = ? LIMIT 1  [["id", 1]]
  Rendered stumanagers/show.html.erb within layouts/application (1.1ms)
Completed 200 OK in 91ms (Views: 86.8ms | ActiveRecord: 0.4ms)


Started GET "/stumanagers" for 127.0.0.1 at 2017-11-13 01:08:49 +0800
Processing by StumanagersController#index as HTML
  [1m[36mStumanager Load (0.8ms)[0m  [1mSELECT "stumanagers".* FROM "stumanagers"[0m
  Rendered stumanagers/index.html.erb within layouts/application (17.4ms)
Completed 200 OK in 153ms (Views: 149.7ms | ActiveRecord: 0.8ms)


Started DELETE "/stumanagers/5" for 127.0.0.1 at 2017-11-13 01:10:24 +0800
Processing by StumanagersController#destroy as HTML
  Parameters: {"authenticity_token"=>"lvF38m5+kgn+1uC2oVytjzh4SOV4hxXNbXJXGrtIeYu8tz1GlbDPrlpcILU0ua1dpl5M7B/N1g56Nl5ZAYCU+g==", "id"=>"5"}
  [1m[35mStumanager Load (0.5ms)[0m  SELECT  "stumanagers".* FROM "stumanagers" WHERE "stumanagers"."id" = ? LIMIT 1  [["id", 5]]
  [1m[36m (2.1ms)[0m  [1mbegin transaction[0m
  [1m[35mSQL (1.0ms)[0m  DELETE FROM "stumanagers" WHERE "stumanagers"."id" = ?  [["id", 5]]
  [1m[36m (12.0ms)[0m  [1mcommit transaction[0m
Redirected to http://localhost:3000/stumanagers
Completed 302 Found in 34ms (ActiveRecord: 15.6ms)


Started GET "/stumanagers" for 127.0.0.1 at 2017-11-13 01:10:25 +0800
Processing by StumanagersController#index as HTML
  [1m[35mStumanager Load (0.6ms)[0m  SELECT "stumanagers".* FROM "stumanagers"
  Rendered stumanagers/index.html.erb within layouts/application (9.7ms)
Completed 200 OK in 182ms (Views: 179.2ms | ActiveRecord: 0.6ms)
